TN:
SF:C:\xampp\htdocs\linkgenerator911\server\config.js
FN:8,(anonymous_0)
FN:11,(anonymous_1)
FN:17,(anonymous_2)
FN:250,(anonymous_3)
FNF:4
FNH:1
FNDA:0,(anonymous_0)
FNDA:0,(anonymous_1)
FNDA:2,(anonymous_2)
FNDA:0,(anonymous_3)
DA:1,1
DA:2,1
DA:3,1
DA:4,1
DA:6,1
DA:10,0
DA:11,0
DA:12,0
DA:19,2
DA:20,12
DA:21,0
DA:26,1
DA:246,1
DA:248,1
DA:250,1
DA:251,0
DA:252,0
DA:255,0
DA:256,0
DA:259,1
LF:20
LH:12
BRDA:10,0,0,0
BRDA:10,0,1,0
BRDA:12,1,0,0
BRDA:12,1,1,0
BRDA:20,2,0,0
BRDA:20,2,1,12
BRDA:20,3,0,12
BRDA:20,3,1,12
BRDA:20,3,2,12
BRDA:20,3,3,12
BRDA:251,4,0,0
BRDA:251,4,1,0
BRDA:255,5,0,0
BRDA:255,5,1,0
BRF:14
BRH:5
end_of_record
TN:
SF:C:\xampp\htdocs\linkgenerator911\server\fxa.js
FN:8,getFxaConfig
FN:28,(anonymous_1)
FNF:2
FNH:0
FNDA:0,getFxaConfig
FNDA:0,(anonymous_1)
DA:1,1
DA:2,1
DA:4,1
DA:5,1
DA:6,1
DA:9,0
DA:10,0
DA:12,0
DA:13,0
DA:17,0
DA:18,0
DA:19,0
DA:23,0
DA:26,1
DA:29,0
DA:30,0
DA:33,0
DA:34,0
DA:35,0
DA:36,0
DA:41,0
DA:42,0
DA:47,0
DA:52,0
LF:24
LH:6
BRDA:9,0,0,0
BRDA:9,0,1,0
BRDA:9,1,0,0
BRDA:9,1,1,0
BRDA:29,2,0,0
BRDA:29,2,1,0
BRDA:42,3,0,0
BRDA:42,3,1,0
BRDA:43,4,0,0
BRDA:43,4,1,0
BRDA:43,4,2,0
BRF:11
BRH:0
end_of_record
TN:
SF:C:\xampp\htdocs\linkgenerator911\server\metadata.js
FN:2,(anonymous_0)
FNF:1
FNH:1
FNDA:1,(anonymous_0)
DA:3,1
DA:4,1
DA:5,1
DA:6,1
DA:7,1
DA:8,1
DA:9,1
DA:13,1
LF:8
LH:8
BRDA:3,0,0,1
BRDA:3,0,1,0
BRDA:4,1,0,1
BRDA:4,1,1,0
BRF:4
BRH:2
end_of_record
TN:
SF:C:\xampp\htdocs\linkgenerator911\server\middleware\auth.js
FN:7,(anonymous_0)
FN:43,(anonymous_1)
FN:67,(anonymous_2)
FNF:3
FNH:2
FNDA:5,(anonymous_0)
FNDA:5,(anonymous_1)
FNDA:0,(anonymous_2)
DA:1,2
DA:2,2
DA:3,2
DA:4,2
DA:6,2
DA:8,5
DA:9,5
DA:10,5
DA:11,4
DA:12,4
DA:13,4
DA:14,4
DA:15,1
DA:17,3
DA:21,3
DA:22,3
DA:23,3
DA:24,1
DA:25,1
DA:26,1
DA:27,1
DA:28,1
DA:30,1
DA:31,1
DA:34,1
DA:37,4
DA:38,1
DA:40,3
DA:44,5
DA:45,5
DA:46,5
DA:47,4
DA:48,4
DA:49,3
DA:50,1
DA:52,2
DA:53,2
DA:54,2
DA:55,2
DA:56,2
DA:58,1
DA:61,4
DA:62,1
DA:64,3
DA:68,0
DA:69,0
DA:70,0
DA:71,0
DA:73,0
DA:74,0
DA:76,0
LF:51
LH:44
BRDA:10,0,0,4
BRDA:10,0,1,1
BRDA:10,1,0,5
BRDA:10,1,1,5
BRDA:14,2,0,1
BRDA:14,2,1,3
BRDA:23,3,0,1
BRDA:23,3,1,1
BRDA:37,4,0,1
BRDA:37,4,1,3
BRDA:46,5,0,4
BRDA:46,5,1,1
BRDA:46,6,0,5
BRDA:46,6,1,5
BRDA:49,7,0,1
BRDA:49,7,1,2
BRDA:61,8,0,1
BRDA:61,8,1,3
BRDA:69,9,0,0
BRDA:69,9,1,0
BRDA:69,10,0,0
BRDA:69,10,1,0
BRDA:73,11,0,0
BRDA:73,11,1,0
BRF:24
BRH:18
end_of_record
TN:
SF:C:\xampp\htdocs\linkgenerator911\server\middleware\language.js
FN:13,allLangs
FN:19,(anonymous_1)
FN:27,(anonymous_2)
FN:34,(anonymous_3)
FN:35,(anonymous_4)
FNF:5
FNH:4
FNDA:0,allLangs
FNDA:5,(anonymous_1)
FNDA:7,(anonymous_2)
FNDA:3,(anonymous_3)
FNDA:7,(anonymous_4)
DA:1,1
DA:2,1
DA:3,1
DA:4,1
DA:5,1
DA:6,1
DA:11,1
DA:14,0
DA:17,1
DA:19,1
DA:20,5
DA:21,5
DA:22,1
DA:23,1
DA:25,4
DA:26,4
DA:28,7
DA:29,7
DA:34,3
DA:35,7
DA:36,4
DA:41,4
LF:22
LH:21
BRDA:17,0,0,0
BRDA:17,0,1,1
BRDA:20,1,0,5
BRDA:20,1,1,1
BRDA:21,2,0,1
BRDA:21,2,1,4
BRDA:25,3,0,4
BRDA:25,3,1,0
BRDA:31,4,0,2
BRDA:31,4,1,5
BRF:10
BRH:8
end_of_record
TN:
SF:C:\xampp\htdocs\linkgenerator911\server\routes\delete.js
FN:3,(anonymous_0)
FNF:1
FNH:1
FNDA:2,(anonymous_0)
DA:1,1
DA:3,1
DA:4,2
DA:5,2
DA:6,2
DA:7,1
DA:9,1
LF:7
LH:7
BRF:0
BRH:0
end_of_record
TN:
SF:C:\xampp\htdocs\linkgenerator911\server\routes\info.js
FN:3,(anonymous_0)
FNF:1
FNH:1
FNDA:3,(anonymous_0)
DA:1,1
DA:3,1
DA:4,3
DA:5,3
DA:6,2
DA:12,2
LF:6
LH:6
BRF:0
BRH:0
end_of_record
TN:
SF:C:\xampp\htdocs\linkgenerator911\server\routes\metadata.js
FN:3,(anonymous_0)
FNF:1
FNH:1
FNDA:3,(anonymous_0)
DA:1,1
DA:3,1
DA:4,3
DA:5,3
DA:6,3
DA:7,3
DA:8,2
DA:14,2
LF:8
LH:8
BRF:0
BRH:0
end_of_record
TN:
SF:C:\xampp\htdocs\linkgenerator911\server\routes\params.js
FN:4,(anonymous_0)
FNF:1
FNH:1
FNDA:3,(anonymous_0)
DA:1,1
DA:2,1
DA:4,1
DA:5,3
DA:6,3
DA:7,3
DA:8,1
DA:11,2
DA:12,2
DA:13,1
DA:15,1
LF:11
LH:11
BRDA:7,0,0,1
BRDA:7,0,1,2
BRDA:7,1,0,3
BRDA:7,1,1,3
BRF:4
BRH:4
end_of_record
TN:
SF:C:\xampp\htdocs\linkgenerator911\server\routes\password.js
FN:3,(anonymous_0)
FNF:1
FNH:1
FNDA:3,(anonymous_0)
DA:1,1
DA:3,1
DA:4,3
DA:5,3
DA:6,3
DA:7,1
DA:10,2
DA:11,2
DA:12,1
DA:13,1
DA:15,1
LF:11
LH:11
BRDA:6,0,0,1
BRDA:6,0,1,2
BRF:2
BRH:2
end_of_record
TN:
SF:C:\xampp\htdocs\linkgenerator911\server\storage\index.js
FN:6,getPrefix
FN:11,(anonymous_1)
FN:25,(anonymous_2)
FN:30,(anonymous_3)
FN:35,(anonymous_4)
FN:40,(anonymous_5)
FN:45,(anonymous_6)
FN:50,(anonymous_7)
FN:61,(anonymous_8)
FN:65,(anonymous_9)
FN:69,(anonymous_10)
FN:75,(anonymous_11)
FN:80,(anonymous_12)
FNF:13
FNH:11
FNDA:9,getPrefix
FNDA:1,(anonymous_1)
FNDA:0,(anonymous_2)
FNDA:1,(anonymous_3)
FNDA:13,(anonymous_4)
FNDA:1,(anonymous_5)
FNDA:1,(anonymous_6)
FNDA:9,(anonymous_7)
FNDA:1,(anonymous_8)
FNDA:0,(anonymous_9)
FNDA:8,(anonymous_10)
FNDA:1,(anonymous_11)
FNDA:2,(anonymous_12)
DA:1,1
DA:2,1
DA:3,1
DA:4,1
DA:7,9
DA:12,1
DA:13,1
DA:14,1
DA:15,0
DA:16,0
DA:18,0
DA:20,1
DA:22,1
DA:24,1
DA:25,1
DA:26,0
DA:31,1
DA:32,1
DA:36,13
DA:37,13
DA:41,1
DA:42,1
DA:46,1
DA:47,1
DA:51,9
DA:52,9
DA:53,9
DA:54,9
DA:55,9
DA:56,8
DA:58,9
DA:62,1
DA:66,0
DA:70,8
DA:71,8
DA:72,8
DA:76,1
DA:77,1
DA:81,2
DA:82,2
DA:86,1
LF:41
LH:36
BRDA:13,0,0,1
BRDA:13,0,1,0
BRDA:15,1,0,0
BRDA:15,1,1,0
BRDA:50,2,0,4
BRDA:55,3,0,8
BRDA:55,3,1,1
BRDA:65,4,0,0
BRDA:82,5,0,2
BRDA:82,5,1,1
BRF:10
BRH:6
end_of_record
TN:
SF:C:\xampp\htdocs\linkgenerator911\server\storage\redis.js
FN:3,(anonymous_0)
FN:15,(anonymous_1)
FNF:2
FNH:1
FNDA:1,(anonymous_0)
FNDA:0,(anonymous_1)
DA:1,1
DA:3,1
DA:5,1
DA:10,1
DA:12,1
DA:16,0
DA:17,0
DA:18,0
DA:21,0
DA:24,1
DA:25,0
DA:26,1
DA:27,0
DA:28,1
DA:29,0
DA:30,1
DA:32,1
DA:33,1
DA:34,1
DA:35,1
DA:36,1
LF:21
LH:14
BRDA:5,0,0,1
BRDA:5,0,1,0
BRDA:5,1,0,1
BRDA:5,1,1,1
BRDA:16,2,0,0
BRDA:16,2,1,0
BRDA:24,3,0,0
BRDA:24,3,1,1
BRDA:24,4,0,1
BRDA:24,4,1,0
BRDA:26,5,0,0
BRDA:26,5,1,1
BRDA:26,6,0,1
BRDA:26,6,1,0
BRDA:28,7,0,0
BRDA:28,7,1,1
BRDA:28,8,0,1
BRDA:28,8,1,0
BRF:18
BRH:9
end_of_record
TN:
SF:C:\xampp\htdocs\linkgenerator911\server\storage\s3.js
FN:4,(anonymous_0)
FN:16,(anonymous_1)
FN:23,(anonymous_2)
FN:29,(anonymous_3)
FN:35,(anonymous_4)
FN:39,(anonymous_5)
FN:43,(anonymous_6)
FNF:7
FNH:7
FNDA:9,(anonymous_0)
FNDA:2,(anonymous_1)
FNDA:1,(anonymous_2)
FNDA:3,(anonymous_3)
FNDA:1,(anonymous_4)
FNDA:1,(anonymous_5)
FNDA:1,(anonymous_6)
DA:1,1
DA:5,9
DA:6,9
DA:7,9
DA:8,9
DA:9,9
DA:11,9
DA:12,9
DA:13,9
DA:17,2
DA:20,1
DA:24,1
DA:30,3
DA:35,3
DA:36,3
DA:40,1
DA:44,1
DA:48,1
LF:18
LH:18
BRDA:8,0,0,9
BRDA:8,0,1,0
BRF:2
BRH:1
end_of_record
